<?xml version="1.0" encoding="UTF-8"?>
<!-- Generated by org.testng.reporters.JUnitXMLReporter -->
<testsuite ignored="2" hostname="DESKTOP-GD0S75V" failures="2" tests="2" name="edge_test" time="66.889" errors="0" timestamp="2023-01-13T20:42:49 GMT-08:00">
  <testcase classname="testcases.BookDemoPageTest" name="verifyBookDemo" time="27.612">
    <failure type="org.openqa.selenium.ElementClickInterceptedException" message="element click intercepted: Element &amp;lt;input type=&amp;quot;submit&amp;quot; name=&amp;quot;action_submitForm&amp;quot; value=&amp;quot;Submit&amp;quot; class=&amp;quot;action&amp;quot; id=&amp;quot;Form_getForm_action_submitForm&amp;quot; tabindex=&amp;quot;5&amp;quot;&amp;gt; is not clickable at point (653, 445). Other element would receive the click: &amp;lt;iframe title=&amp;quot;recaptcha challenge expires in two minutes&amp;quot; src=&amp;quot;https://www.google.com/recaptcha/api2/bframe?hl=en&amp;amp;amp;v=u35fw2Dx4G0WsO6SztVYg4cV&amp;amp;amp;k=6LcRmG4hAAAAAFu7zOI-lpnsPm_-4nqSvKz8Am23&amp;quot; name=&amp;quot;c-mx1yxw3zyapl&amp;quot; frameborder=&amp;quot;0&amp;quot; scrolling=&amp;quot;no&amp;quot; sandbox=&amp;quot;allow-forms allow-popups allow-same-origin allow-scripts allow-top-navigation allow-modals allow-popups-to-escape-sandbox allow-storage-access-by-user-activation&amp;quot; data-lf-yt-playback-inspected-xbp1oaewrnz7edvj=&amp;quot;true&amp;quot; data-lf-vimeo-playback-inspected-xbp1oaewrnz7edvj=&amp;quot;true&amp;quot; style=&amp;quot;width: 400px; height: 580px;&amp;quot;&amp;gt;&amp;lt;/iframe&amp;gt;
  (Session info: MicrosoftEdge=108.0.1462.54)
Build info: version: &amp;apos;4.5.0&amp;apos;, revision: &amp;apos;fe167b119a&amp;apos;
System info: os.name: &amp;apos;Windows 10&amp;apos;, os.arch: &amp;apos;amd64&amp;apos;, os.version: &amp;apos;10.0&amp;apos;, java.version: &amp;apos;19.0.1&amp;apos;
Driver info: org.openqa.selenium.edge.EdgeDriver
Command: [4d026e519f8b7848d652209ade954d6a, clickElement {id=bd301907-b343-4aed-92ee-ec8af7311c25}]
Capabilities {acceptInsecureCerts: false, browserName: msedge, browserVersion: 108.0.1462.54, ms:edgeOptions: {debuggerAddress: localhost:36925}, msedge: {msedgedriverVersion: 108.0.1462.76 (5feb33087363..., userDataDir: C:\Users\dell\AppData\Local...}, networkConnectionEnabled: false, pageLoadStrategy: normal, platformName: WINDOWS, proxy: Proxy(), se:cdp: ws://localhost:36925/devtoo..., se:cdpVersion: 108.0.1462.54, setWindowRect: true, strictFileInteractability: false, timeouts: {implicit: 0, pageLoad: 300000, script: 30000}, unhandledPromptBehavior: dismiss and notify, webauthn:extension:credBlob: true, webauthn:extension:largeBlob: true, webauthn:virtualAuthenticators: true}
Element: [[EdgeDriver: msedge on WINDOWS (4d026e519f8b7848d652209ade954d6a)] -&amp;gt; xpath: //input[@id=&amp;apos;Form_getForm_action_submitForm&amp;apos;]]
Session ID: 4d026e519f8b7848d652209ade954d6a">
      <![CDATA[org.openqa.selenium.ElementClickInterceptedException: element click intercepted: Element <input type="submit" name="action_submitForm" value="Submit" class="action" id="Form_getForm_action_submitForm" tabindex="5"> is not clickable at point (653, 445). Other element would receive the click: <iframe title="recaptcha challenge expires in two minutes" src="https://www.google.com/recaptcha/api2/bframe?hl=en&amp;v=u35fw2Dx4G0WsO6SztVYg4cV&amp;k=6LcRmG4hAAAAAFu7zOI-lpnsPm_-4nqSvKz8Am23" name="c-mx1yxw3zyapl" frameborder="0" scrolling="no" sandbox="allow-forms allow-popups allow-same-origin allow-scripts allow-top-navigation allow-modals allow-popups-to-escape-sandbox allow-storage-access-by-user-activation" data-lf-yt-playback-inspected-xbp1oaewrnz7edvj="true" data-lf-vimeo-playback-inspected-xbp1oaewrnz7edvj="true" style="width: 400px; height: 580px;"></iframe>
  (Session info: MicrosoftEdge=108.0.1462.54)
Build info: version: '4.5.0', revision: 'fe167b119a'
System info: os.name: 'Windows 10', os.arch: 'amd64', os.version: '10.0', java.version: '19.0.1'
Driver info: org.openqa.selenium.edge.EdgeDriver
Command: [4d026e519f8b7848d652209ade954d6a, clickElement {id=bd301907-b343-4aed-92ee-ec8af7311c25}]
Capabilities {acceptInsecureCerts: false, browserName: msedge, browserVersion: 108.0.1462.54, ms:edgeOptions: {debuggerAddress: localhost:36925}, msedge: {msedgedriverVersion: 108.0.1462.76 (5feb33087363..., userDataDir: C:\Users\dell\AppData\Local...}, networkConnectionEnabled: false, pageLoadStrategy: normal, platformName: WINDOWS, proxy: Proxy(), se:cdp: ws://localhost:36925/devtoo..., se:cdpVersion: 108.0.1462.54, setWindowRect: true, strictFileInteractability: false, timeouts: {implicit: 0, pageLoad: 300000, script: 30000}, unhandledPromptBehavior: dismiss and notify, webauthn:extension:credBlob: true, webauthn:extension:largeBlob: true, webauthn:virtualAuthenticators: true}
Element: [[EdgeDriver: msedge on WINDOWS (4d026e519f8b7848d652209ade954d6a)] -> xpath: //input[@id='Form_getForm_action_submitForm']]
Session ID: 4d026e519f8b7848d652209ade954d6a
at org.openqa.selenium.remote.codec.w3c.W3CHttpResponseCodec.createException(W3CHttpResponseCodec.java:200)
at org.openqa.selenium.remote.codec.w3c.W3CHttpResponseCodec.decode(W3CHttpResponseCodec.java:133)
at org.openqa.selenium.remote.codec.w3c.W3CHttpResponseCodec.decode(W3CHttpResponseCodec.java:53)
at org.openqa.selenium.remote.HttpCommandExecutor.execute(HttpCommandExecutor.java:184)
at org.openqa.selenium.remote.service.DriverCommandExecutor.invokeExecute(DriverCommandExecutor.java:167)
at org.openqa.selenium.remote.service.DriverCommandExecutor.execute(DriverCommandExecutor.java:142)
at org.openqa.selenium.remote.RemoteWebDriver.execute(RemoteWebDriver.java:547)
at org.openqa.selenium.remote.RemoteWebElement.execute(RemoteWebElement.java:257)
at org.openqa.selenium.remote.RemoteWebElement.click(RemoteWebElement.java:78)
at org.openqa.selenium.support.pagefactory.internal.LocatingElementHandler.invoke(LocatingElementHandler.java:52)
at jdk.proxy2/jdk.proxy2.$Proxy21.click(Unknown Source)
at pageobjects.BookDemoPage.isFormSubmitted(BookDemoPage.java:47)
at testcases.BookDemoPageTest.verifyBookDemo(BookDemoPageTest.java:47)
at java.base/java.util.ArrayList.forEach(ArrayList.java:1511)
at java.base/java.util.concurrent.FutureTask.run(FutureTask.java:317)
at java.base/java.util.concurrent.ThreadPoolExecutor.runWorker(ThreadPoolExecutor.java:1144)
at java.base/java.util.concurrent.ThreadPoolExecutor$Worker.run(ThreadPoolExecutor.java:642)
at java.base/java.lang.Thread.run(Thread.java:1589)
... Removed 21 stack frames]]>
    </failure>
  </testcase> <!-- verifyBookDemo -->
  <testcase classname="testcases.ContactSalesPageTest" name="verifySalesForm" time="13.046">
    <failure type="org.openqa.selenium.ElementClickInterceptedException" message="element click intercepted: Element is not clickable at point (653, 960)
  (Session info: MicrosoftEdge=108.0.1462.54)
Build info: version: &amp;apos;4.5.0&amp;apos;, revision: &amp;apos;fe167b119a&amp;apos;
System info: os.name: &amp;apos;Windows 10&amp;apos;, os.arch: &amp;apos;amd64&amp;apos;, os.version: &amp;apos;10.0&amp;apos;, java.version: &amp;apos;19.0.1&amp;apos;
Driver info: org.openqa.selenium.edge.EdgeDriver
Command: [185fe78d34f84b3980d8c6d35b62c1ee, clickElement {id=3bd94be0-f0ad-48ea-8f33-4f93a9302463}]
Capabilities {acceptInsecureCerts: false, browserName: msedge, browserVersion: 108.0.1462.54, ms:edgeOptions: {debuggerAddress: localhost:37091}, msedge: {msedgedriverVersion: 108.0.1462.76 (5feb33087363..., userDataDir: C:\Users\dell\AppData\Local...}, networkConnectionEnabled: false, pageLoadStrategy: normal, platformName: WINDOWS, proxy: Proxy(), se:cdp: ws://localhost:37091/devtoo..., se:cdpVersion: 108.0.1462.54, setWindowRect: true, strictFileInteractability: false, timeouts: {implicit: 0, pageLoad: 300000, script: 30000}, unhandledPromptBehavior: dismiss and notify, webauthn:extension:credBlob: true, webauthn:extension:largeBlob: true, webauthn:virtualAuthenticators: true}
Element: [[EdgeDriver: msedge on WINDOWS (185fe78d34f84b3980d8c6d35b62c1ee)] -&amp;gt; xpath: //input[@id=&amp;apos;Form_getForm_action_submitForm&amp;apos;]]
Session ID: 185fe78d34f84b3980d8c6d35b62c1ee">
      <![CDATA[org.openqa.selenium.ElementClickInterceptedException: element click intercepted: Element is not clickable at point (653, 960)
  (Session info: MicrosoftEdge=108.0.1462.54)
Build info: version: '4.5.0', revision: 'fe167b119a'
System info: os.name: 'Windows 10', os.arch: 'amd64', os.version: '10.0', java.version: '19.0.1'
Driver info: org.openqa.selenium.edge.EdgeDriver
Command: [185fe78d34f84b3980d8c6d35b62c1ee, clickElement {id=3bd94be0-f0ad-48ea-8f33-4f93a9302463}]
Capabilities {acceptInsecureCerts: false, browserName: msedge, browserVersion: 108.0.1462.54, ms:edgeOptions: {debuggerAddress: localhost:37091}, msedge: {msedgedriverVersion: 108.0.1462.76 (5feb33087363..., userDataDir: C:\Users\dell\AppData\Local...}, networkConnectionEnabled: false, pageLoadStrategy: normal, platformName: WINDOWS, proxy: Proxy(), se:cdp: ws://localhost:37091/devtoo..., se:cdpVersion: 108.0.1462.54, setWindowRect: true, strictFileInteractability: false, timeouts: {implicit: 0, pageLoad: 300000, script: 30000}, unhandledPromptBehavior: dismiss and notify, webauthn:extension:credBlob: true, webauthn:extension:largeBlob: true, webauthn:virtualAuthenticators: true}
Element: [[EdgeDriver: msedge on WINDOWS (185fe78d34f84b3980d8c6d35b62c1ee)] -> xpath: //input[@id='Form_getForm_action_submitForm']]
Session ID: 185fe78d34f84b3980d8c6d35b62c1ee
at org.openqa.selenium.remote.codec.w3c.W3CHttpResponseCodec.createException(W3CHttpResponseCodec.java:200)
at org.openqa.selenium.remote.codec.w3c.W3CHttpResponseCodec.decode(W3CHttpResponseCodec.java:133)
at org.openqa.selenium.remote.codec.w3c.W3CHttpResponseCodec.decode(W3CHttpResponseCodec.java:53)
at org.openqa.selenium.remote.HttpCommandExecutor.execute(HttpCommandExecutor.java:184)
at org.openqa.selenium.remote.service.DriverCommandExecutor.invokeExecute(DriverCommandExecutor.java:167)
at org.openqa.selenium.remote.service.DriverCommandExecutor.execute(DriverCommandExecutor.java:142)
at org.openqa.selenium.remote.RemoteWebDriver.execute(RemoteWebDriver.java:547)
at org.openqa.selenium.remote.RemoteWebElement.execute(RemoteWebElement.java:257)
at org.openqa.selenium.remote.RemoteWebElement.click(RemoteWebElement.java:78)
at org.openqa.selenium.support.pagefactory.internal.LocatingElementHandler.invoke(LocatingElementHandler.java:52)
at jdk.proxy2/jdk.proxy2.$Proxy21.click(Unknown Source)
at pageobjects.ContactSalesPage.verifyFormSubmission(ContactSalesPage.java:40)
at testcases.ContactSalesPageTest.verifySalesForm(ContactSalesPageTest.java:46)
at java.base/java.util.ArrayList.forEach(ArrayList.java:1511)
at java.base/java.util.concurrent.FutureTask.run(FutureTask.java:317)
at java.base/java.util.concurrent.ThreadPoolExecutor.runWorker(ThreadPoolExecutor.java:1144)
at java.base/java.util.concurrent.ThreadPoolExecutor$Worker.run(ThreadPoolExecutor.java:642)
at java.base/java.lang.Thread.run(Thread.java:1589)
... Removed 21 stack frames]]>
    </failure>
  </testcase> <!-- verifySalesForm -->
  <testcase classname="base.BaseClass" name="@AfterSuite afterSuite" time="0.0">
    <ignored/>
  </testcase> <!-- @AfterSuite afterSuite -->
  <testcase classname="base.BaseClass" name="@BeforeSuite loadConfig" time="0.0">
    <ignored/>
  </testcase> <!-- @BeforeSuite loadConfig -->
</testsuite> <!-- edge_test -->
